[0.802s] Invoking command in '/home/anderson/tesis/opencv_tools': PYTHONPATH=/home/anderson/tesis/build/opencv_tools/prefix_override:/home/anderson/tesis/install/opencv_tools/lib/python3.10/site-packages:${PYTHONPATH} /usr/bin/python3 setup.py egg_info --egg-base ../build/opencv_tools build --build-base /home/anderson/tesis/build/opencv_tools/build install --record /home/anderson/tesis/build/opencv_tools/install.log --single-version-externally-managed
[0.975s] running egg_info
[0.975s] creating ../build/opencv_tools/opencv_tools.egg-info
[0.989s] writing ../build/opencv_tools/opencv_tools.egg-info/PKG-INFO
[0.989s] writing dependency_links to ../build/opencv_tools/opencv_tools.egg-info/dependency_links.txt
[0.989s] writing entry points to ../build/opencv_tools/opencv_tools.egg-info/entry_points.txt
[0.989s] writing requirements to ../build/opencv_tools/opencv_tools.egg-info/requires.txt
[0.989s] writing top-level names to ../build/opencv_tools/opencv_tools.egg-info/top_level.txt
[0.989s] writing manifest file '../build/opencv_tools/opencv_tools.egg-info/SOURCES.txt'
[1.016s] reading manifest file '../build/opencv_tools/opencv_tools.egg-info/SOURCES.txt'
[1.016s] writing manifest file '../build/opencv_tools/opencv_tools.egg-info/SOURCES.txt'
[1.016s] running build
[1.017s] running build_py
[1.017s] creating /home/anderson/tesis/build/opencv_tools/build
[1.017s] creating /home/anderson/tesis/build/opencv_tools/build/lib
[1.017s] creating /home/anderson/tesis/build/opencv_tools/build/lib/opencv_tools
[1.017s] copying opencv_tools/image_sus.py -> /home/anderson/tesis/build/opencv_tools/build/lib/opencv_tools
[1.017s] copying opencv_tools/__init__.py -> /home/anderson/tesis/build/opencv_tools/build/lib/opencv_tools
[1.017s] copying opencv_tools/image_publisher.py -> /home/anderson/tesis/build/opencv_tools/build/lib/opencv_tools
[1.017s] copying opencv_tools/image_subscriber.py -> /home/anderson/tesis/build/opencv_tools/build/lib/opencv_tools
[1.017s] running install
[1.017s] /home/anderson/.local/lib/python3.10/site-packages/setuptools/_distutils/cmd.py:66: SetuptoolsDeprecationWarning: setup.py install is deprecated.
[1.017s] !!
[1.017s] 
[1.017s]         ********************************************************************************
[1.017s]         Please avoid running ``setup.py`` directly.
[1.017s]         Instead, use pypa/build, pypa/installer or other
[1.017s]         standards-based tools.
[1.017s] 
[1.017s]         See https://blog.ganssle.io/articles/2021/10/setup-py-deprecated.html for details.
[1.017s]         ********************************************************************************
[1.017s] 
[1.018s] !!
[1.018s]   self.initialize_options()
[1.021s] running install_lib
[1.036s] creating /home/anderson/tesis/install/opencv_tools/lib/python3.10/site-packages/opencv_tools
[1.036s] copying /home/anderson/tesis/build/opencv_tools/build/lib/opencv_tools/image_sus.py -> /home/anderson/tesis/install/opencv_tools/lib/python3.10/site-packages/opencv_tools
[1.036s] copying /home/anderson/tesis/build/opencv_tools/build/lib/opencv_tools/__init__.py -> /home/anderson/tesis/install/opencv_tools/lib/python3.10/site-packages/opencv_tools
[1.036s] copying /home/anderson/tesis/build/opencv_tools/build/lib/opencv_tools/image_publisher.py -> /home/anderson/tesis/install/opencv_tools/lib/python3.10/site-packages/opencv_tools
[1.036s] copying /home/anderson/tesis/build/opencv_tools/build/lib/opencv_tools/image_subscriber.py -> /home/anderson/tesis/install/opencv_tools/lib/python3.10/site-packages/opencv_tools
[1.036s] byte-compiling /home/anderson/tesis/install/opencv_tools/lib/python3.10/site-packages/opencv_tools/image_sus.py to image_sus.cpython-310.pyc
[1.036s] byte-compiling /home/anderson/tesis/install/opencv_tools/lib/python3.10/site-packages/opencv_tools/__init__.py to __init__.cpython-310.pyc
[1.037s] byte-compiling /home/anderson/tesis/install/opencv_tools/lib/python3.10/site-packages/opencv_tools/image_publisher.py to image_publisher.cpython-310.pyc
[1.037s] byte-compiling /home/anderson/tesis/install/opencv_tools/lib/python3.10/site-packages/opencv_tools/image_subscriber.py to image_subscriber.cpython-310.pyc
[1.037s] running install_data
[1.051s] creating /home/anderson/tesis/install/opencv_tools/share/ament_index
[1.051s] creating /home/anderson/tesis/install/opencv_tools/share/ament_index/resource_index
[1.051s] creating /home/anderson/tesis/install/opencv_tools/share/ament_index/resource_index/packages
[1.051s] copying resource/opencv_tools -> /home/anderson/tesis/install/opencv_tools/share/ament_index/resource_index/packages
[1.051s] copying package.xml -> /home/anderson/tesis/install/opencv_tools/share/opencv_tools
[1.051s] running install_egg_info
[1.064s] Copying ../build/opencv_tools/opencv_tools.egg-info to /home/anderson/tesis/install/opencv_tools/lib/python3.10/site-packages/opencv_tools-0.0.0-py3.10.egg-info
[1.064s] running install_scripts
[1.184s] Installing img3 script to /home/anderson/tesis/install/opencv_tools/lib/opencv_tools
[1.184s] Installing img_publisher script to /home/anderson/tesis/install/opencv_tools/lib/opencv_tools
[1.184s] Installing img_subscriber script to /home/anderson/tesis/install/opencv_tools/lib/opencv_tools
[1.184s] Installing img_sus script to /home/anderson/tesis/install/opencv_tools/lib/opencv_tools
[1.184s] writing list of installed files to '/home/anderson/tesis/build/opencv_tools/install.log'
[1.206s] Invoked command in '/home/anderson/tesis/opencv_tools' returned '0': PYTHONPATH=/home/anderson/tesis/build/opencv_tools/prefix_override:/home/anderson/tesis/install/opencv_tools/lib/python3.10/site-packages:${PYTHONPATH} /usr/bin/python3 setup.py egg_info --egg-base ../build/opencv_tools build --build-base /home/anderson/tesis/build/opencv_tools/build install --record /home/anderson/tesis/build/opencv_tools/install.log --single-version-externally-managed
