[0.779s] Invoking command in '/home/anderson/tesis/opencv_tools': PYTHONPATH=/home/anderson/tesis/build/opencv_tools/prefix_override:/home/anderson/tesis/install/opencv_tools/lib/python3.10/site-packages:${PYTHONPATH} /usr/bin/python3 setup.py egg_info --egg-base ../build/opencv_tools build --build-base /home/anderson/tesis/build/opencv_tools/build install --record /home/anderson/tesis/build/opencv_tools/install.log --single-version-externally-managed
[0.952s] running egg_info
[0.965s] writing ../build/opencv_tools/opencv_tools.egg-info/PKG-INFO
[0.965s] writing dependency_links to ../build/opencv_tools/opencv_tools.egg-info/dependency_links.txt
[0.965s] writing entry points to ../build/opencv_tools/opencv_tools.egg-info/entry_points.txt
[0.965s] writing requirements to ../build/opencv_tools/opencv_tools.egg-info/requires.txt
[0.965s] writing top-level names to ../build/opencv_tools/opencv_tools.egg-info/top_level.txt
[0.992s] reading manifest file '../build/opencv_tools/opencv_tools.egg-info/SOURCES.txt'
[0.992s] writing manifest file '../build/opencv_tools/opencv_tools.egg-info/SOURCES.txt'
[0.992s] running build
[0.992s] running build_py
[0.993s] running install
[0.993s] /home/anderson/.local/lib/python3.10/site-packages/setuptools/_distutils/cmd.py:66: SetuptoolsDeprecationWarning: setup.py install is deprecated.
[0.993s] !!
[0.993s] 
[0.993s]         ********************************************************************************
[0.993s]         Please avoid running ``setup.py`` directly.
[0.993s]         Instead, use pypa/build, pypa/installer or other
[0.993s]         standards-based tools.
[0.993s] 
[0.994s]         See https://blog.ganssle.io/articles/2021/10/setup-py-deprecated.html for details.
[0.994s]         ********************************************************************************
[0.994s] 
[0.994s] !!
[0.994s]   self.initialize_options()
[0.997s] running install_lib
[1.010s] running install_data
[1.023s] running install_egg_info
[1.038s] removing '/home/anderson/tesis/install/opencv_tools/lib/python3.10/site-packages/opencv_tools-0.0.0-py3.10.egg-info' (and everything under it)
[1.038s] Copying ../build/opencv_tools/opencv_tools.egg-info to /home/anderson/tesis/install/opencv_tools/lib/python3.10/site-packages/opencv_tools-0.0.0-py3.10.egg-info
[1.038s] running install_scripts
[1.158s] Installing img3 script to /home/anderson/tesis/install/opencv_tools/lib/opencv_tools
[1.158s] Installing img_publisher script to /home/anderson/tesis/install/opencv_tools/lib/opencv_tools
[1.158s] Installing img_subscriber script to /home/anderson/tesis/install/opencv_tools/lib/opencv_tools
[1.158s] Installing img_sus script to /home/anderson/tesis/install/opencv_tools/lib/opencv_tools
[1.158s] writing list of installed files to '/home/anderson/tesis/build/opencv_tools/install.log'
[1.180s] Invoked command in '/home/anderson/tesis/opencv_tools' returned '0': PYTHONPATH=/home/anderson/tesis/build/opencv_tools/prefix_override:/home/anderson/tesis/install/opencv_tools/lib/python3.10/site-packages:${PYTHONPATH} /usr/bin/python3 setup.py egg_info --egg-base ../build/opencv_tools build --build-base /home/anderson/tesis/build/opencv_tools/build install --record /home/anderson/tesis/build/opencv_tools/install.log --single-version-externally-managed
