/home/anderson/tesis/install/opencv_tools/lib/python3.10/site-packages/opencv_tools/image_sus.py
/home/anderson/tesis/install/opencv_tools/lib/python3.10/site-packages/opencv_tools/__init__.py
/home/anderson/tesis/install/opencv_tools/lib/python3.10/site-packages/opencv_tools/image_publisher.py
/home/anderson/tesis/install/opencv_tools/lib/python3.10/site-packages/opencv_tools/image_subscriber.py
/home/anderson/tesis/install/opencv_tools/lib/python3.10/site-packages/opencv_tools/__pycache__/image_sus.cpython-310.pyc
/home/anderson/tesis/install/opencv_tools/lib/python3.10/site-packages/opencv_tools/__pycache__/__init__.cpython-310.pyc
/home/anderson/tesis/install/opencv_tools/lib/python3.10/site-packages/opencv_tools/__pycache__/image_publisher.cpython-310.pyc
/home/anderson/tesis/install/opencv_tools/lib/python3.10/site-packages/opencv_tools/__pycache__/image_subscriber.cpython-310.pyc
/home/anderson/tesis/install/opencv_tools/share/ament_index/resource_index/packages/opencv_tools
/home/anderson/tesis/install/opencv_tools/share/opencv_tools/package.xml
/home/anderson/tesis/install/opencv_tools/lib/python3.10/site-packages/opencv_tools-0.0.0-py3.10.egg-info/zip-safe
/home/anderson/tesis/install/opencv_tools/lib/python3.10/site-packages/opencv_tools-0.0.0-py3.10.egg-info/requires.txt
/home/anderson/tesis/install/opencv_tools/lib/python3.10/site-packages/opencv_tools-0.0.0-py3.10.egg-info/entry_points.txt
/home/anderson/tesis/install/opencv_tools/lib/python3.10/site-packages/opencv_tools-0.0.0-py3.10.egg-info/SOURCES.txt
/home/anderson/tesis/install/opencv_tools/lib/python3.10/site-packages/opencv_tools-0.0.0-py3.10.egg-info/top_level.txt
/home/anderson/tesis/install/opencv_tools/lib/python3.10/site-packages/opencv_tools-0.0.0-py3.10.egg-info/PKG-INFO
/home/anderson/tesis/install/opencv_tools/lib/python3.10/site-packages/opencv_tools-0.0.0-py3.10.egg-info/dependency_links.txt
/home/anderson/tesis/install/opencv_tools/lib/opencv_tools/img3
/home/anderson/tesis/install/opencv_tools/lib/opencv_tools/img_publisher
/home/anderson/tesis/install/opencv_tools/lib/opencv_tools/img_subscriber
/home/anderson/tesis/install/opencv_tools/lib/opencv_tools/img_sus
