[0.876s] Invoking command in '/home/anderson/tesis/src/opencv_tools': PYTHONPATH=/home/anderson/tesis/build/opencv_tools/prefix_override:/home/anderson/tesis/install/opencv_tools/lib/python3.10/site-packages:${PYTHONPATH} /usr/bin/python3 setup.py egg_info --egg-base ../../build/opencv_tools build --build-base /home/anderson/tesis/build/opencv_tools/build install --record /home/anderson/tesis/build/opencv_tools/install.log --single-version-externally-managed
[1.086s] running egg_info
[1.102s] writing ../../build/opencv_tools/opencv_tools.egg-info/PKG-INFO
[1.103s] writing dependency_links to ../../build/opencv_tools/opencv_tools.egg-info/dependency_links.txt
[1.103s] writing entry points to ../../build/opencv_tools/opencv_tools.egg-info/entry_points.txt
[1.103s] writing requirements to ../../build/opencv_tools/opencv_tools.egg-info/requires.txt
[1.103s] writing top-level names to ../../build/opencv_tools/opencv_tools.egg-info/top_level.txt
[1.136s] reading manifest file '../../build/opencv_tools/opencv_tools.egg-info/SOURCES.txt'
[1.136s] writing manifest file '../../build/opencv_tools/opencv_tools.egg-info/SOURCES.txt'
[1.136s] running build
[1.136s] running build_py
[1.137s] running install
[1.137s] /home/anderson/.local/lib/python3.10/site-packages/setuptools/_distutils/cmd.py:66: SetuptoolsDeprecationWarning: setup.py install is deprecated.
[1.137s] !!
[1.137s] 
[1.137s]         ********************************************************************************
[1.137s]         Please avoid running ``setup.py`` directly.
[1.137s]         Instead, use pypa/build, pypa/installer or other
[1.137s]         standards-based tools.
[1.137s] 
[1.137s]         See https://blog.ganssle.io/articles/2021/10/setup-py-deprecated.html for details.
[1.137s]         ********************************************************************************
[1.137s] 
[1.137s] !!
[1.137s]   self.initialize_options()
[1.142s] running install_lib
[1.158s] running install_data
[1.171s] running install_egg_info
[1.185s] removing '/home/anderson/tesis/install/opencv_tools/lib/python3.10/site-packages/opencv_tools-0.0.0-py3.10.egg-info' (and everything under it)
[1.185s] Copying ../../build/opencv_tools/opencv_tools.egg-info to /home/anderson/tesis/install/opencv_tools/lib/python3.10/site-packages/opencv_tools-0.0.0-py3.10.egg-info
[1.186s] running install_scripts
[1.336s] Installing img3 script to /home/anderson/tesis/install/opencv_tools/lib/opencv_tools
[1.336s] Installing img_publisher script to /home/anderson/tesis/install/opencv_tools/lib/opencv_tools
[1.336s] Installing img_subscriber script to /home/anderson/tesis/install/opencv_tools/lib/opencv_tools
[1.336s] Installing img_sus script to /home/anderson/tesis/install/opencv_tools/lib/opencv_tools
[1.337s] writing list of installed files to '/home/anderson/tesis/build/opencv_tools/install.log'
[1.365s] Invoked command in '/home/anderson/tesis/src/opencv_tools' returned '0': PYTHONPATH=/home/anderson/tesis/build/opencv_tools/prefix_override:/home/anderson/tesis/install/opencv_tools/lib/python3.10/site-packages:${PYTHONPATH} /usr/bin/python3 setup.py egg_info --egg-base ../../build/opencv_tools build --build-base /home/anderson/tesis/build/opencv_tools/build install --record /home/anderson/tesis/build/opencv_tools/install.log --single-version-externally-managed
